
Unexpected Signal : 11 occurred at PC=0x40393FE4
Function=(null)+0x40393FE4
Library=/usr/local/java/1.4.1/jre/lib/i386/client/libjvm.so

NOTE: We are unable to locate the function name symbol for the error
      just occurred. Please refer to release documentation for possible
      reason and solutions.


Current Java thread:
	at java.util.prefs.FileSystemPreferences.lockFile0(Native Method)
	at java.util.prefs.FileSystemPreferences.lockFile(FileSystemPreferences.java:892)
	at java.util.prefs.FileSystemPreferences.sync(FileSystemPreferences.java:723)
	- locked <0x448978e0> (a java.io.File)
	- locked <0x44897840> (a java.util.prefs.FileSystemPreferences)
	at java.util.prefs.FileSystemPreferences.flush(FileSystemPreferences.java:814)
	at java.util.prefs.FileSystemPreferences.syncWorld(FileSystemPreferences.java:469)
	at java.util.prefs.FileSystemPreferences.access$1200(FileSystemPreferences.java:33)
	at java.util.prefs.FileSystemPreferences$10.run(FileSystemPreferences.java:449)
	at java.util.TimerThread.mainLoop(Timer.java:432)
	at java.util.TimerThread.run(Timer.java:382)

Dynamic libraries:
08048000-0804e000 r-xp 00000000 00:11 14659981   /usr/local/java/1.4.1/bin/java
0804e000-0804f000 rwxp 00005000 00:11 14659981   /usr/local/java/1.4.1/bin/java
0804f000-08f57000 rwxp 0804f000 00:00 0          [heap]
40000000-4001a000 r-xp 00000000 03:03 85027      /lib/ld-2.4.so
4001a000-4001c000 rwxp 00019000 03:03 85027      /lib/ld-2.4.so
4001d000-40026000 r-xp 00000000 00:11 30232271   /usr/local/java/1.4.1/jre/lib/i386/native_threads/libhpi.so
40026000-40027000 rwxp 00008000 00:11 30232271   /usr/local/java/1.4.1/jre/lib/i386/native_threads/libhpi.so
40028000-40038000 r-xp 00000000 00:11 32024184   /usr/local/java/1.4.1/jre/lib/i386/libverify.so
40038000-4003a000 rwxp 0000f000 00:11 32024184   /usr/local/java/1.4.1/jre/lib/i386/libverify.so
4003b000-4004b000 r-xp 00000000 03:03 81215      /lib/libpthread-2.4.so
4004b000-4004d000 rwxp 0000f000 03:03 81215      /lib/libpthread-2.4.so
4004f000-40051000 r-xp 00000000 03:03 81195      /lib/libdl-2.4.so
40051000-40053000 rwxp 00001000 03:03 81195      /lib/libdl-2.4.so
40053000-4016c000 r-xp 00000000 03:03 81189      /lib/libc-2.4.so
4016c000-4016e000 r-xp 00118000 03:03 81189      /lib/libc-2.4.so
4016e000-40170000 rwxp 0011a000 03:03 81189      /lib/libc-2.4.so
40174000-4048c000 r-xp 00000000 00:11 501789     /usr/local/java/1.4.1/jre/lib/i386/client/libjvm.so
4048c000-40640000 rwxp 00317000 00:11 501789     /usr/local/java/1.4.1/jre/lib/i386/client/libjvm.so
40650000-40661000 r-xp 00000000 03:03 81200      /lib/libnsl-2.4.so
40661000-40663000 rwxp 00010000 03:03 81200      /lib/libnsl-2.4.so
40665000-40688000 r-xp 00000000 03:03 81197      /lib/libm-2.4.so
40688000-4068a000 rwxp 00022000 03:03 81197      /lib/libm-2.4.so
4068a000-406ab000 r-xp 00000000 00:11 32024186   /usr/local/java/1.4.1/jre/lib/i386/libjava.so
406ab000-406ad000 rwxp 00020000 00:11 32024186   /usr/local/java/1.4.1/jre/lib/i386/libjava.so
406ad000-406c2000 r-xp 00000000 00:11 32024190   /usr/local/java/1.4.1/jre/lib/i386/libzip.so
406c2000-406c4000 rwxp 00014000 00:11 32024190   /usr/local/java/1.4.1/jre/lib/i386/libzip.so
406c4000-41d92000 r-xs 00000000 00:11 23737245   /usr/local/java/1.4.1/jre/lib/rt.jar
41dd5000-41dec000 r-xs 00000000 00:11 31812086   /usr/local/java/1.4.1/jre/lib/sunrsasign.jar
41dec000-41e5d000 r-xs 00000000 00:11 31812094   /usr/local/java/1.4.1/jre/lib/jsse.jar
41e5d000-41e70000 r-xs 00000000 00:11 31812087   /usr/local/java/1.4.1/jre/lib/jce.jar
41e70000-4212c000 r-xs 00000000 00:11 26165258   /usr/local/java/1.4.1/jre/lib/charsets.jar
441d4000-441d7000 r-xs 00000000 00:11 31812083   /usr/local/java/1.4.1/jre/lib/ext/dnsns.jar
441d7000-441dc000 r-xs 00000000 00:1b 1922800    /local/devel/ANNOTATION/apache-batik-1.6/lib/batik-xml.jar
441dc000-441de000 r-xp 00000000 03:03 1399823    /usr/X11R6/lib/X11/locale/lib/common/xlcDef.so.2
441de000-441df000 rwxp 00001000 03:03 1399823    /usr/X11R6/lib/X11/locale/lib/common/xlcDef.so.2
4c3e3000-4c40f000 r-xp 00000000 03:03 1379204    /usr/lib/locale/en_US/LC_CTYPE
4c40f000-4c510000 r-xs 00000000 03:03 18961      /var/run/nscd/passwd
4c6cc000-4c6e9000 r-xs 00000000 00:11 31812082   /usr/local/java/1.4.1/jre/lib/ext/sunjce_provider.jar
4c6e9000-4c6f7000 r-xs 00000000 00:11 31812085   /usr/local/java/1.4.1/jre/lib/ext/ldapsec.jar
4c6f7000-4c6fe000 r-xp 00000000 03:03 1300537    /usr/X11R6/lib/libXp.so.6.2
4c6fe000-4c6ff000 rwxp 00006000 03:03 1300537    /usr/X11R6/lib/libXp.so.6.2
4c881000-4c920000 r-xs 00000000 00:11 31812084   /usr/local/java/1.4.1/jre/lib/ext/localedata.jar
4c920000-4c959000 r-xs 00000000 00:1b 8198759    /local/devel/ANNOTATION/apache-batik-1.6/batik-squiggle.jar
4c959000-4c96c000 r-xs 00000000 00:1b 1922789    /local/devel/ANNOTATION/apache-batik-1.6/lib/batik-ext.jar
4c96c000-4c982000 r-xs 00000000 00:1b 1922788    /local/devel/ANNOTATION/apache-batik-1.6/lib/batik-dom.jar
4c982000-4c9bd000 r-xs 00000000 00:1b 1922787    /local/devel/ANNOTATION/apache-batik-1.6/lib/batik-css.jar
4c9bd000-4ca26000 r-xs 00000000 00:1b 1922795    /local/devel/ANNOTATION/apache-batik-1.6/lib/batik-svg-dom.jar
4ca26000-4ca50000 r-xs 00000000 00:1b 1922792    /local/devel/ANNOTATION/apache-batik-1.6/lib/batik-gvt.jar
4ca50000-4ca5a000 r-xs 00000000 00:1b 1922793    /local/devel/ANNOTATION/apache-batik-1.6/lib/batik-parser.jar
4ca5a000-4ca64000 r-xs 00000000 00:1b 1922794    /local/devel/ANNOTATION/apache-batik-1.6/lib/batik-script.jar
4ca64000-4caa8000 r-xs 00000000 00:1b 1922786    /local/devel/ANNOTATION/apache-batik-1.6/lib/batik-bridge.jar
4caa8000-4caca000 r-xs 00000000 00:1b 1922797    /local/devel/ANNOTATION/apache-batik-1.6/lib/batik-swing.jar
4caca000-4cada000 r-xs 00000000 00:1b 1922798    /local/devel/ANNOTATION/apache-batik-1.6/lib/batik-transcoder.jar
4cada000-4cafc000 r-xs 00000000 00:1b 1922791    /local/devel/ANNOTATION/apache-batik-1.6/lib/batik-gui-util.jar
4cafc000-4cb57000 r-xs 00000000 00:1b 1922785    /local/devel/ANNOTATION/apache-batik-1.6/lib/batik-awt-util.jar
4cb57000-4cb6b000 r-xs 00000000 00:1b 1922799    /local/devel/ANNOTATION/apache-batik-1.6/lib/batik-util.jar
4cb6b000-4cc50000 r-xs 00000000 00:1b 11502551   /local/devel/ANNOTATION/apache-batik-1.6/lib/xerces_2_5_0.jar
4cc50000-4cc6b000 r-xs 00000000 00:1b 11502552   /local/devel/ANNOTATION/apache-batik-1.6/lib/xml-apis.jar
4cc6b000-4ccfd000 r-xs 00000000 00:1b 1922801    /local/devel/ANNOTATION/apache-batik-1.6/lib/js.jar
4ccfd000-4cfc4000 r-xp 00000000 00:11 3879247    /usr/local/java/1.4.1/jre/lib/i386/libawt.so
4cfc4000-4cfd9000 rwxp 002c6000 00:11 3879247    /usr/local/java/1.4.1/jre/lib/i386/libawt.so
4cffe000-4d051000 r-xp 00000000 00:11 3879246    /usr/local/java/1.4.1/jre/lib/i386/libmlib_image.so
4d051000-4d052000 rwxp 00052000 00:11 3879246    /usr/local/java/1.4.1/jre/lib/i386/libmlib_image.so
4d052000-4d06d000 r-xp 00000000 03:03 1397710    /usr/X11R6/lib/X11/locale/lib/common/ximcp.so.2
4d06d000-4d06f000 rwxp 0001b000 03:03 1397710    /usr/X11R6/lib/X11/locale/lib/common/ximcp.so.2
4d070000-4d0bc000 r-xp 00000000 03:03 1300547    /usr/X11R6/lib/libXt.so.6.0
4d0bc000-4d0c0000 rwxp 0004b000 03:03 1300547    /usr/X11R6/lib/libXt.so.6.0
4d0c0000-4d0cd000 r-xp 00000000 03:03 1300519    /usr/X11R6/lib/libXext.so.6.4
4d0cd000-4d0ce000 rwxp 0000c000 03:03 1300519    /usr/X11R6/lib/libXext.so.6.4
4d0ce000-4d0d2000 r-xp 00000000 03:03 1300549    /usr/X11R6/lib/libXtst.so.6.1
4d0d2000-4d0d3000 rwxp 00004000 03:03 1300549    /usr/X11R6/lib/libXtst.so.6.1
4d0d3000-4d1c7000 r-xp 00000000 03:03 1300495    /usr/X11R6/lib/libX11.so.6.2
4d1c7000-4d1ca000 rwxp 000f4000 03:03 1300495    /usr/X11R6/lib/libX11.so.6.2
4d1ca000-4d1d2000 r-xp 00000000 03:03 1300491    /usr/X11R6/lib/libSM.so.6.0
4d1d2000-4d1d3000 rwxp 00007000 03:03 1300491    /usr/X11R6/lib/libSM.so.6.0
4d1d3000-4d1e8000 r-xp 00000000 03:03 1300489    /usr/X11R6/lib/libICE.so.6.4
4d1e8000-4d1e9000 rwxp 00014000 03:03 1300489    /usr/X11R6/lib/libICE.so.6.4
4d1eb000-4d2b1000 r-xp 00000000 00:11 3879249    /usr/local/java/1.4.1/jre/lib/i386/libfontmanager.so
4d2b1000-4d2cc000 rwxp 000c5000 00:11 3879249    /usr/local/java/1.4.1/jre/lib/i386/libfontmanager.so
4d2cc000-4d305000 r-xp 00000000 03:03 1350338    /usr/lib/libstdc++-libc6.1-1.so.2
4d305000-4d311000 rwxp 00038000 03:03 1350338    /usr/lib/libstdc++-libc6.1-1.so.2
4d395000-4d39d000 r-xp 00000000 03:03 1300511    /usr/X11R6/lib/libXcursor.so.1.0.2
4d39d000-4d39e000 rwxp 00007000 03:03 1300511    /usr/X11R6/lib/libXcursor.so.1.0.2
4d39e000-4d3a5000 r-xp 00000000 03:03 1300543    /usr/X11R6/lib/libXrender.so.1.2.2
4d3a5000-4d3a6000 rwxp 00006000 03:03 1300543    /usr/X11R6/lib/libXrender.so.1.2.2
4d3a6000-4d3aa000 r-xp 00000000 03:03 1300521    /usr/X11R6/lib/libXfixes.so.3.0
4d3aa000-4d3ab000 rwxp 00003000 03:03 1300521    /usr/X11R6/lib/libXfixes.so.3.0
4d3ab000-4d3b2000 r-xs 00000000 03:03 1348733    /usr/lib/gconv/gconv-modules.cache
4d3b2000-4d3b3000 r-xp 00000000 03:03 1349762    /usr/lib/gconv/ISO8859-1.so
4d3b3000-4d3b5000 rwxp 00001000 03:03 1349762    /usr/lib/gconv/ISO8859-1.so
4d5b9000-4d5f1000 r-xp 00000000 00:11 3879250    /usr/local/java/1.4.1/jre/lib/i386/libjpeg.so
4d5f1000-4d5f3000 rwxp 00037000 00:11 3879250    /usr/local/java/1.4.1/jre/lib/i386/libjpeg.so
4d674000-4d690000 r-xp 00000000 00:11 32024201   /usr/local/java/1.4.1/jre/lib/i386/libdcpr.so
4d690000-4d6a4000 rwxp 0001b000 00:11 32024201   /usr/local/java/1.4.1/jre/lib/i386/libdcpr.so
4d8f1000-4d949000 r-xp 00000000 00:11 3879251    /usr/local/java/1.4.1/jre/lib/i386/libcmm.so
4d949000-4d94b000 rwxp 00057000 00:11 3879251    /usr/local/java/1.4.1/jre/lib/i386/libcmm.so
4e7ce000-4ec55000 rwxs 00000000 00:08 9568272    /SYSV00000000 (deleted)
4ec55000-4ee0e000 rwxs 00000000 00:08 10321937   /SYSV00000000 (deleted)
bff97000-bffae000 rwxp bff97000 00:00 0          [stack]
ffffe000-fffff000 ---p 00000000 00:00 0          [vdso]

Local Time = Wed Nov 29 15:55:14 2006
Elapsed Time = 15609
#
# HotSpot Virtual Machine Error : 11
# Error ID : 4F530E43505002E6
# Please report this error at
# http://java.sun.com/cgi-bin/bugreport.cgi
#
# Java VM: Java HotSpot(TM) Client VM (1.4.1_01-b01 mixed mode)
#
